Build started 7/31/2016 4:14:33 PM.
     1>Project "C:\Users\TheHollowManV\Documents\Visual Studio 2012\Projects\BattleNetProjects\ChessServer\ChessServer\ChessServer.vcxproj" on node 2 (Build target(s)).
     1>ClCompile:
         C:\Program Files (x86)\Microsoft Visual Studio 11.0\VC\bin\CL.exe /c /ZI /nologo /W3 /WX- /sdl /Od /Oy- /D WIN32 /D _DEBUG /D _CONSOLE /D _UNICODE /D UNICODE /Gm /EHsc /RTC1 /MDd /GS /fp:precise /Zc:wchar_t /Zc:forScope /Yu"stdafx.h" /Fp"Debug\ChessServer.pch" /Fo"Debug\\" /Fd"Debug\vc110.pdb" /Gd /TP /analyze- /errorReport:prompt ChessClient.cpp ChessServer.cpp SendGetMethods.cpp Server.cpp
         Server.cpp
     1>c:\users\thehollowmanv\documents\visual studio 2012\projects\battlenetprojects\chessserver\chessserver\server.cpp(88): warning C4018: '<' : signed/unsigned mismatch
     1>c:\users\thehollowmanv\documents\visual studio 2012\projects\battlenetprojects\chessserver\chessserver\server.cpp(152): warning C4018: '<' : signed/unsigned mismatch
     1>c:\users\thehollowmanv\documents\visual studio 2012\projects\battlenetprojects\chessserver\chessserver\server.cpp(185): warning C4018: '<' : signed/unsigned mismatch
     1>c:\users\thehollowmanv\documents\visual studio 2012\projects\battlenetprojects\chessserver\chessserver\server.cpp(202): warning C4018: '<' : signed/unsigned mismatch
     1>c:\users\thehollowmanv\documents\visual studio 2012\projects\battlenetprojects\chessserver\chessserver\server.cpp(210): warning C4018: '<' : signed/unsigned mismatch
         SendGetMethods.cpp
         ChessServer.cpp
         ChessClient.cpp
         Generating Code...
       Link:
         C:\Program Files (x86)\Microsoft Visual Studio 11.0\VC\bin\link.exe /ERRORREPORT:PROMPT /OUT:"C:\Users\TheHollowManV\Documents\Visual Studio 2012\Projects\BattleNetProjects\ChessServer\Debug\ChessServer.exe" /INCREMENTAL /NOLOGO kernel32.lib user32.lib gdi32.lib winspool.lib comdlg32.lib advapi32.lib shell32.lib ole32.lib oleaut32.lib uuid.lib odbc32.lib odbccp32.lib /MANIFEST /MANIFESTUAC:"level='asInvoker' uiAccess='false'" /manifest:embed /DEBUG /PDB:"C:\Users\TheHollowManV\Documents\Visual Studio 2012\Projects\BattleNetProjects\ChessServer\Debug\ChessServer.pdb" /SUBSYSTEM:CONSOLE /TLBID:1 /DYNAMICBASE /NXCOMPAT /IMPLIB:"C:\Users\TheHollowManV\Documents\Visual Studio 2012\Projects\BattleNetProjects\ChessServer\Debug\ChessServer.lib" /MACHINE:X86 Debug\ChessClient.obj
         Debug\ChessServer.obj
         Debug\SendGetMethods.obj
         Debug\Server.obj
         Debug\stdafx.obj
         ChessServer.vcxproj -> C:\Users\TheHollowManV\Documents\Visual Studio 2012\Projects\BattleNetProjects\ChessServer\Debug\ChessServer.exe
     1>Done Building Project "C:\Users\TheHollowManV\Documents\Visual Studio 2012\Projects\BattleNetProjects\ChessServer\ChessServer\ChessServer.vcxproj" (Build target(s)).

Build succeeded.

Time Elapsed 00:00:04.13
