Build started 7/31/2016 4:14:47 PM.
     1>Project "C:\Users\TheHollowManV\Documents\Visual Studio 2012\Projects\BattleNetProjects\ChessServer\ChessServer\ChessServer.vcxproj" on node 2 (Build target(s)).
     1>ClCompile:
         C:\Program Files (x86)\Microsoft Visual Studio 11.0\VC\bin\CL.exe /c /Zi /nologo /W3 /WX- /sdl /O2 /Oi /Oy- /GL /D WIN32 /D NDEBUG /D _CONSOLE /D _UNICODE /D UNICODE /Gm- /EHsc /MD /GS /Gy /fp:precise /Zc:wchar_t /Zc:forScope /Yc"stdafx.h" /Fp"Release\ChessServer.pch" /Fo"Release\\" /Fd"Release\vc110.pdb" /Gd /TP /analyze- /errorReport:prompt stdafx.cpp
         stdafx.cpp
         C:\Program Files (x86)\Microsoft Visual Studio 11.0\VC\bin\CL.exe /c /Zi /nologo /W3 /WX- /sdl /O2 /Oi /Oy- /GL /D WIN32 /D NDEBUG /D _CONSOLE /D _UNICODE /D UNICODE /Gm- /EHsc /MD /GS /Gy /fp:precise /Zc:wchar_t /Zc:forScope /Yu"stdafx.h" /Fp"Release\ChessServer.pch" /Fo"Release\\" /Fd"Release\vc110.pdb" /Gd /TP /analyze- /errorReport:prompt ChessClient.cpp ChessServer.cpp SendGetMethods.cpp Server.cpp
         ChessClient.cpp
         ChessServer.cpp
         SendGetMethods.cpp
         Server.cpp
     1>Server.cpp(88): warning C4018: '<' : signed/unsigned mismatch
     1>Server.cpp(152): warning C4018: '<' : signed/unsigned mismatch
     1>Server.cpp(185): warning C4018: '<' : signed/unsigned mismatch
     1>Server.cpp(202): warning C4018: '<' : signed/unsigned mismatch
     1>Server.cpp(210): warning C4018: '<' : signed/unsigned mismatch
       Link:
         C:\Program Files (x86)\Microsoft Visual Studio 11.0\VC\bin\link.exe /ERRORREPORT:PROMPT /OUT:"C:\Users\TheHollowManV\Documents\Visual Studio 2012\Projects\BattleNetProjects\ChessServer\Release\ChessServer.exe" /INCREMENTAL:NO /NOLOGO kernel32.lib user32.lib gdi32.lib winspool.lib comdlg32.lib advapi32.lib shell32.lib ole32.lib oleaut32.lib uuid.lib odbc32.lib odbccp32.lib /MANIFEST /MANIFESTUAC:"level='asInvoker' uiAccess='false'" /manifest:embed /DEBUG /PDB:"C:\Users\TheHollowManV\Documents\Visual Studio 2012\Projects\BattleNetProjects\ChessServer\Release\ChessServer.pdb" /SUBSYSTEM:CONSOLE /OPT:REF /OPT:ICF /LTCG /TLBID:1 /DYNAMICBASE /NXCOMPAT /IMPLIB:"C:\Users\TheHollowManV\Documents\Visual Studio 2012\Projects\BattleNetProjects\ChessServer\Release\ChessServer.lib" /MACHINE:X86 /SAFESEH Release\ChessClient.obj
         Release\ChessServer.obj
         Release\SendGetMethods.obj
         Release\Server.obj
         Release\stdafx.obj
         Generating code
         Finished generating code
         ChessServer.vcxproj -> C:\Users\TheHollowManV\Documents\Visual Studio 2012\Projects\BattleNetProjects\ChessServer\Release\ChessServer.exe
     1>Done Building Project "C:\Users\TheHollowManV\Documents\Visual Studio 2012\Projects\BattleNetProjects\ChessServer\ChessServer\ChessServer.vcxproj" (Build target(s)).

Build succeeded.

Time Elapsed 00:00:03.13
